<?xml version="1.0" encoding="UTF-8"?>
<!-- Generated by org.testng.reporters.JUnitReportReporter -->
<testsuite hostname="DESKTOP-R8MV79K" failures="0" tests="1" name="tests.DockerTests" time="16.804" errors="0" timestamp="2024-08-05T21:19:15 IST" skipped="0">
  <testcase classname="tests.DockerTests" name="dockerTest" time="16.804"/>
  <system-out/>
</testsuite> <!-- tests.DockerTests -->
